=== Skill 步骤 5 · telemetry（core.py 已改 record_effect）===
40:    success = bool(final.get("output")) and bool(final.get("headlines_text"))
61:                record_effect("briefing_sent", 1)

=== Skill 步骤 7 · pytest ===
============================= test session starts ==============================
platform darwin -- Python 3.11.14, pytest-9.1.1, pluggy-1.6.0 -- /Users/bitmart/work/codes/tmp/ai-daily-news/.venv/bin/python3
cachedir: .pytest_cache
rootdir: /Users/bitmart/work/codes/tmp/ai-daily-news
configfile: pyproject.toml
testpaths: tests
plugins: langsmith-0.10.2, anyio-4.14.2
collecting ... collected 2 items

tests/test_smoke.py::test_daily_briefing PASSED                          [ 50%]
tests/test_smoke.py::test_run_agent_no_telemetry PASSED                  [100%]

============================== 2 passed in 6.56s ===============================
